# JRE version: OpenJDK Runtime Environment (8.0_76-b03) (build 1.8.0_76-release-b03)
# Java VM: OpenJDK 64-Bit Server VM (25.76-b03 mixed mode windows-amd64 compressed oops)
Heap:
 PSYoungGen      total 83968K, used 18587K [0x00000000e0000000, 0x00000000e6a00000, 0x0000000100000000)
  eden space 70144K, 26% used [0x00000000e0000000,0x00000000e1226ee8,0x00000000e4480000)
  from space 13824K, 0% used [0x00000000e4480000,0x00000000e4480000,0x00000000e5200000)
  to   space 13312K, 0% used [0x00000000e5d00000,0x00000000e5d00000,0x00000000e6a00000)
 ParOldGen       total 78336K, used 33917K [0x00000000a0000000, 0x00000000a4c80000, 0x00000000e0000000)
  object space 78336K, 43% used [0x00000000a0000000,0x00000000a211f7e8,0x00000000a4c80000)
 Metaspace       used 50801K, capacity 52158K, committed 52480K, reserved 1095680K
  class space    used 6766K, capacity 7063K, committed 7168K, reserved 1048576K
GC Heap History (10 events):
Event: 50.556 GC heap before
{Heap before GC invocations=24 (full 2):
 PSYoungGen      total 55296K, used 52007K [0x00000000e0000000, 0x00000000e4880000, 0x0000000100000000)
  eden space 48640K, 100% used [0x00000000e0000000,0x00000000e2f80000,0x00000000e2f80000)
  from space 6656K, 50% used [0x00000000e2f80000,0x00000000e32c9ef0,0x00000000e3600000)
  to   space 6656K, 0% used [0x00000000e4200000,0x00000000e4200000,0x00000000e4880000)
 ParOldGen       total 45056K, used 19373K [0x00000000a0000000, 0x00000000a2c00000, 0x00000000e0000000)
  object space 45056K, 42% used [0x00000000a0000000,0x00000000a12eb728,0x00000000a2c00000)
 Metaspace       used 45338K, capacity 46408K, committed 46592K, reserved 1089536K
  class space    used 6118K, capacity 6362K, committed 6400K, reserved 1048576K
Event: 50.567 GC heap after
Heap after GC invocations=24 (full 2):
 PSYoungGen      total 67072K, used 5436K [0x00000000e0000000, 0x00000000e4900000, 0x0000000100000000)
  eden space 60416K, 0% used [0x00000000e0000000,0x00000000e0000000,0x00000000e3b00000)
  from space 6656K, 81% used [0x00000000e4200000,0x00000000e474f3b8,0x00000000e4880000)
  to   space 7168K, 0% used [0x00000000e3b00000,0x00000000e3b00000,0x00000000e4200000)
 ParOldGen       total 45056K, used 20945K [0x00000000a0000000, 0x00000000a2c00000, 0x00000000e0000000)
  object space 45056K, 46% used [0x00000000a0000000,0x00000000a1474758,0x00000000a2c00000)
 Metaspace       used 45338K, capacity 46408K, committed 46592K, reserved 1089536K
  class space    used 6118K, capacity 6362K, committed 6400K, reserved 1048576K
}
Event: 61.908 GC heap before
{Heap before GC invocations=25 (full 2):
 PSYoungGen      total 67072K, used 65852K [0x00000000e0000000, 0x00000000e4900000, 0x0000000100000000)
  eden space 60416K, 100% used [0x00000000e0000000,0x00000000e3b00000,0x00000000e3b00000)
  from space 6656K, 81% used [0x00000000e4200000,0x00000000e474f3b8,0x00000000e4880000)
  to   space 7168K, 0% used [0x00000000e3b00000,0x00000000e3b00000,0x00000000e4200000)
 ParOldGen       total 45056K, used 20945K [0x00000000a0000000, 0x00000000a2c00000, 0x00000000e0000000)
  object space 45056K, 46% used [0x00000000a0000000,0x00000000a1474758,0x00000000a2c00000)
 Metaspace       used 48985K, capacity 50282K, committed 50432K, reserved 1093632K
  class space    used 6560K, capacity 6853K, committed 6912K, reserved 1048576K
Event: 61.928 GC heap after
Heap after GC invocations=25 (full 2):
 PSYoungGen      total 67584K, used 7164K [0x00000000e0000000, 0x00000000e5b80000, 0x0000000100000000)
  eden space 60416K, 0% used [0x00000000e0000000,0x00000000e0000000,0x00000000e3b00000)
  from space 7168K, 99% used [0x00000000e3b00000,0x00000000e41ff1a0,0x00000000e4200000)
  to   space 9728K, 0% used [0x00000000e5200000,0x00000000e5200000,0x00000000e5b80000)
 ParOldGen       total 45056K, used 25331K [0x00000000a0000000, 0x00000000a2c00000, 0x00000000e0000000)
  object space 45056K, 56% used [0x00000000a0000000,0x00000000a18bcfc8,0x00000000a2c00000)
 Metaspace       used 48985K, capacity 50282K, committed 50432K, reserved 1093632K
  class space    used 6560K, capacity 6853K, committed 6912K, reserved 1048576K
}
Event: 63.572 GC heap before
{Heap before GC invocations=26 (full 2):
 PSYoungGen      total 67584K, used 67580K [0x00000000e0000000, 0x00000000e5b80000, 0x0000000100000000)
  eden space 60416K, 100% used [0x00000000e0000000,0x00000000e3b00000,0x00000000e3b00000)
  from space 7168K, 99% used [0x00000000e3b00000,0x00000000e41ff1a0,0x00000000e4200000)
  to   space 9728K, 0% used [0x00000000e5200000,0x00000000e5200000,0x00000000e5b80000)
 ParOldGen       total 45056K, used 25331K [0x00000000a0000000, 0x00000000a2c00000, 0x00000000e0000000)
  object space 45056K, 56% used [0x00000000a0000000,0x00000000a18bcfc8,0x00000000a2c00000)
 Metaspace       used 50011K, capacity 51290K, committed 51584K, reserved 1093632K
  class space    used 6663K, capacity 6953K, committed 7040K, reserved 1048576K
Event: 63.593 GC heap after
Heap after GC invocations=26 (full 2):
 PSYoungGen      total 79872K, used 9696K [0x00000000e0000000, 0x00000000e6480000, 0x0000000100000000)
  eden space 70144K, 0% used [0x00000000e0000000,0x00000000e0000000,0x00000000e4480000)
  from space 9728K, 99% used [0x00000000e5200000,0x00000000e5b78010,0x00000000e5b80000)
  to   space 13824K, 0% used [0x00000000e4480000,0x00000000e4480000,0x00000000e5200000)
 ParOldGen       total 45056K, used 32635K [0x00000000a0000000, 0x00000000a2c00000, 0x00000000e0000000)
  object space 45056K, 72% used [0x00000000a0000000,0x00000000a1fdeeb8,0x00000000a2c00000)
 Metaspace       used 50011K, capacity 51290K, committed 51584K, reserved 1093632K
  class space    used 6663K, capacity 6953K, committed 7040K, reserved 1048576K
}
Event: 88.323 GC heap before
{Heap before GC invocations=27 (full 2):
 PSYoungGen      total 79872K, used 79840K [0x00000000e0000000, 0x00000000e6480000, 0x0000000100000000)
  eden space 70144K, 100% used [0x00000000e0000000,0x00000000e4480000,0x00000000e4480000)
  from space 9728K, 99% used [0x00000000e5200000,0x00000000e5b78010,0x00000000e5b80000)
  to   space 13824K, 0% used [0x00000000e4480000,0x00000000e4480000,0x00000000e5200000)
 ParOldGen       total 45056K, used 32635K [0x00000000a0000000, 0x00000000a2c00000, 0x00000000e0000000)
  object space 45056K, 72% used [0x00000000a0000000,0x00000000a1fdeeb8,0x00000000a2c00000)
 Metaspace       used 50723K, capacity 52100K, committed 52224K, reserved 1093632K
  class space    used 6753K, capacity 7064K, committed 7168K, reserved 1048576K
Event: 88.340 GC heap after
Heap after GC invocations=27 (full 2):
 PSYoungGen      total 83968K, used 4992K [0x00000000e0000000, 0x00000000e6a00000, 0x0000000100000000)
  eden space 70144K, 0% used [0x00000000e0000000,0x00000000e0000000,0x00000000e4480000)
  from space 13824K, 36% used [0x00000000e4480000,0x00000000e4960000,0x00000000e5200000)
  to   space 13312K, 0% used [0x00000000e5d00000,0x00000000e5d00000,0x00000000e6a00000)
 ParOldGen       total 45056K, used 40743K [0x00000000a0000000, 0x00000000a2c00000, 0x00000000e0000000)
  object space 45056K, 90% used [0x00000000a0000000,0x00000000a27c9f68,0x00000000a2c00000)
 Metaspace       used 50723K, capacity 52100K, committed 52224K, reserved 1093632K
  class space    used 6753K, capacity 7064K, committed 7168K, reserved 1048576K
}
Event: 88.340 GC heap before
{Heap before GC invocations=28 (full 3):
 PSYoungGen      total 83968K, used 4992K [0x00000000e0000000, 0x00000000e6a00000, 0x0000000100000000)
  eden space 70144K, 0% used [0x00000000e0000000,0x00000000e0000000,0x00000000e4480000)
  from space 13824K, 36% used [0x00000000e4480000,0x00000000e4960000,0x00000000e5200000)
  to   space 13312K, 0% used [0x00000000e5d00000,0x00000000e5d00000,0x00000000e6a00000)
 ParOldGen       total 45056K, used 40743K [0x00000000a0000000, 0x00000000a2c00000, 0x00000000e0000000)
  object space 45056K, 90% used [0x00000000a0000000,0x00000000a27c9f68,0x00000000a2c00000)
 Metaspace       used 50723K, capacity 52100K, committed 52224K, reserved 1093632K
  class space    used 6753K, capacity 7064K, committed 7168K, reserved 1048576K
Event: 88.816 GC heap after
Heap after GC invocations=28 (full 3):
 PSYoungGen      total 83968K, used 0K [0x00000000e0000000, 0x00000000e6a00000, 0x0000000100000000)
  eden space 70144K, 0% used [0x00000000e0000000,0x00000000e0000000,0x00000000e4480000)
  from space 13824K, 0% used [0x00000000e4480000,0x00000000e4480000,0x00000000e5200000)
  to   space 13312K, 0% used [0x00000000e5d00000,0x00000000e5d00000,0x00000000e6a00000)
 ParOldGen       total 78336K, used 33917K [0x00000000a0000000, 0x00000000a4c80000, 0x00000000e0000000)
  object space 78336K, 43% used [0x00000000a0000000,0x00000000a211f7e8,0x00000000a4c80000)
 Metaspace       used 50721K, capacity 52094K, committed 52224K, reserved 1093632K
  class space    used 6752K, capacity 7063K, committed 7168K, reserved 1048576K
}

