# JRE version: OpenJDK Runtime Environment (8.0_76-b03) (build 1.8.0_76-release-b03)
# Java VM: OpenJDK 64-Bit Server VM (25.76-b03 mixed mode windows-amd64 compressed oops)
Heap:
 PSYoungGen      total 38912K, used 13252K [0x00000000e0000000, 0x00000000e4d00000, 0x0000000100000000)
  eden space 31744K, 41% used [0x00000000e0000000,0x00000000e0cf1330,0x00000000e1f00000)
  from space 7168K, 0% used [0x00000000e1f00000,0x00000000e1f00000,0x00000000e2600000)
  to   space 7680K, 0% used [0x00000000e4580000,0x00000000e4580000,0x00000000e4d00000)
 ParOldGen       total 39936K, used 8256K [0x00000000a0000000, 0x00000000a2700000, 0x00000000e0000000)
  object space 39936K, 20% used [0x00000000a0000000,0x00000000a08103c0,0x00000000a2700000)
 Metaspace       used 21920K, capacity 22286K, committed 22528K, reserved 1069056K
  class space    used 2916K, capacity 3049K, committed 3072K, reserved 1048576K
GC Heap History (10 events):
Event: 0.692 GC heap before
{Heap before GC invocations=2 (full 0):
 PSYoungGen      total 18432K, used 18402K [0x00000000e0000000, 0x00000000e1480000, 0x0000000100000000)
  eden space 15872K, 100% used [0x00000000e0000000,0x00000000e0f80000,0x00000000e0f80000)
  from space 2560K, 98% used [0x00000000e0f80000,0x00000000e11f8ae0,0x00000000e1200000)
  to   space 2560K, 0% used [0x00000000e1200000,0x00000000e1200000,0x00000000e1480000)
 ParOldGen       total 42496K, used 594K [0x00000000a0000000, 0x00000000a2980000, 0x00000000e0000000)
  object space 42496K, 1% used [0x00000000a0000000,0x00000000a0094b78,0x00000000a2980000)
 Metaspace       used 6206K, capacity 6458K, committed 6528K, reserved 1056768K
  class space    used 796K, capacity 834K, committed 896K, reserved 1048576K
Event: 0.695 GC heap after
Heap after GC invocations=2 (full 0):
 PSYoungGen      total 18432K, used 2159K [0x00000000e0000000, 0x00000000e1480000, 0x0000000100000000)
  eden space 15872K, 0% used [0x00000000e0000000,0x00000000e0000000,0x00000000e0f80000)
  from space 2560K, 84% used [0x00000000e1200000,0x00000000e141be00,0x00000000e1480000)
  to   space 2560K, 0% used [0x00000000e0f80000,0x00000000e0f80000,0x00000000e1200000)
 ParOldGen       total 42496K, used 602K [0x00000000a0000000, 0x00000000a2980000, 0x00000000e0000000)
  object space 42496K, 1% used [0x00000000a0000000,0x00000000a0096b78,0x00000000a2980000)
 Metaspace       used 6206K, capacity 6458K, committed 6528K, reserved 1056768K
  class space    used 796K, capacity 834K, committed 896K, reserved 1048576K
}
Event: 1.443 GC heap before
{Heap before GC invocations=3 (full 0):
 PSYoungGen      total 18432K, used 18031K [0x00000000e0000000, 0x00000000e1480000, 0x0000000100000000)
  eden space 15872K, 100% used [0x00000000e0000000,0x00000000e0f80000,0x00000000e0f80000)
  from space 2560K, 84% used [0x00000000e1200000,0x00000000e141be00,0x00000000e1480000)
  to   space 2560K, 0% used [0x00000000e0f80000,0x00000000e0f80000,0x00000000e1200000)
 ParOldGen       total 42496K, used 602K [0x00000000a0000000, 0x00000000a2980000, 0x00000000e0000000)
  object space 42496K, 1% used [0x00000000a0000000,0x00000000a0096b78,0x00000000a2980000)
 Metaspace       used 11206K, capacity 11584K, committed 11904K, reserved 1058816K
  class space    used 1440K, capacity 1586K, committed 1664K, reserved 1048576K
Event: 1.448 GC heap after
Heap after GC invocations=3 (full 0):
 PSYoungGen      total 18432K, used 2560K [0x00000000e0000000, 0x00000000e1480000, 0x0000000100000000)
  eden space 15872K, 0% used [0x00000000e0000000,0x00000000e0000000,0x00000000e0f80000)
  from space 2560K, 100% used [0x00000000e0f80000,0x00000000e1200000,0x00000000e1200000)
  to   space 2560K, 0% used [0x00000000e1200000,0x00000000e1200000,0x00000000e1480000)
 ParOldGen       total 42496K, used 2228K [0x00000000a0000000, 0x00000000a2980000, 0x00000000e0000000)
  object space 42496K, 5% used [0x00000000a0000000,0x00000000a022d108,0x00000000a2980000)
 Metaspace       used 11206K, capacity 11584K, committed 11904K, reserved 1058816K
  class space    used 1440K, capacity 1586K, committed 1664K, reserved 1048576K
}
Event: 1.631 GC heap before
{Heap before GC invocations=4 (full 0):
 PSYoungGen      total 18432K, used 18432K [0x00000000e0000000, 0x00000000e1480000, 0x0000000100000000)
  eden space 15872K, 100% used [0x00000000e0000000,0x00000000e0f80000,0x00000000e0f80000)
  from space 2560K, 100% used [0x00000000e0f80000,0x00000000e1200000,0x00000000e1200000)
  to   space 2560K, 0% used [0x00000000e1200000,0x00000000e1200000,0x00000000e1480000)
 ParOldGen       total 42496K, used 2228K [0x00000000a0000000, 0x00000000a2980000, 0x00000000e0000000)
  object space 42496K, 5% used [0x00000000a0000000,0x00000000a022d108,0x00000000a2980000)
 Metaspace       used 12915K, capacity 13196K, committed 13440K, reserved 1060864K
  class space    used 1733K, capacity 1844K, committed 1920K, reserved 1048576K
Event: 1.636 GC heap after
Heap after GC invocations=4 (full 0):
 PSYoungGen      total 18432K, used 2528K [0x00000000e0000000, 0x00000000e2400000, 0x0000000100000000)
  eden space 15872K, 0% used [0x00000000e0000000,0x00000000e0000000,0x00000000e0f80000)
  from space 2560K, 98% used [0x00000000e1200000,0x00000000e1478020,0x00000000e1480000)
  to   space 2560K, 0% used [0x00000000e0f80000,0x00000000e0f80000,0x00000000e1200000)
 ParOldGen       total 42496K, used 4194K [0x00000000a0000000, 0x00000000a2980000, 0x00000000e0000000)
  object space 42496K, 9% used [0x00000000a0000000,0x00000000a0418a48,0x00000000a2980000)
 Metaspace       used 12915K, capacity 13196K, committed 13440K, reserved 1060864K
  class space    used 1733K, capacity 1844K, committed 1920K, reserved 1048576K
}
Event: 1.940 GC heap before
{Heap before GC invocations=5 (full 0):
 PSYoungGen      total 18432K, used 18400K [0x00000000e0000000, 0x00000000e2400000, 0x0000000100000000)
  eden space 15872K, 100% used [0x00000000e0000000,0x00000000e0f80000,0x00000000e0f80000)
  from space 2560K, 98% used [0x00000000e1200000,0x00000000e1478020,0x00000000e1480000)
  to   space 2560K, 0% used [0x00000000e0f80000,0x00000000e0f80000,0x00000000e1200000)
 ParOldGen       total 42496K, used 4194K [0x00000000a0000000, 0x00000000a2980000, 0x00000000e0000000)
  object space 42496K, 9% used [0x00000000a0000000,0x00000000a0418a48,0x00000000a2980000)
 Metaspace       used 16930K, capacity 17292K, committed 17536K, reserved 1064960K
  class space    used 2218K, capacity 2356K, committed 2432K, reserved 1048576K
Event: 1.949 GC heap after
Heap after GC invocations=5 (full 0):
 PSYoungGen      total 18432K, used 2544K [0x00000000e0000000, 0x00000000e2d00000, 0x0000000100000000)
  eden space 15872K, 0% used [0x00000000e0000000,0x00000000e0000000,0x00000000e0f80000)
  from space 2560K, 99% used [0x00000000e0f80000,0x00000000e11fc010,0x00000000e1200000)
  to   space 7168K, 0% used [0x00000000e2600000,0x00000000e2600000,0x00000000e2d00000)
 ParOldGen       total 42496K, used 8087K [0x00000000a0000000, 0x00000000a2980000, 0x00000000e0000000)
  object space 42496K, 19% used [0x00000000a0000000,0x00000000a07e5e20,0x00000000a2980000)
 Metaspace       used 16930K, capacity 17292K, committed 17536K, reserved 1064960K
  class space    used 2218K, capacity 2356K, committed 2432K, reserved 1048576K
}
Event: 4.674 GC heap before
{Heap before GC invocations=6 (full 0):
 PSYoungGen      total 18432K, used 18066K [0x00000000e0000000, 0x00000000e2d00000, 0x0000000100000000)
  eden space 15872K, 97% used [0x00000000e0000000,0x00000000e0f288c8,0x00000000e0f80000)
  from space 2560K, 99% used [0x00000000e0f80000,0x00000000e11fc010,0x00000000e1200000)
  to   space 7168K, 0% used [0x00000000e2600000,0x00000000e2600000,0x00000000e2d00000)
 ParOldGen       total 42496K, used 8087K [0x00000000a0000000, 0x00000000a2980000, 0x00000000e0000000)
  object space 42496K, 19% used [0x00000000a0000000,0x00000000a07e5e20,0x00000000a2980000)
 Metaspace       used 18646K, capacity 18992K, committed 19328K, reserved 1067008K
  class space    used 2487K, capacity 2620K, committed 2688K, reserved 1048576K
Event: 4.685 GC heap after
Heap after GC invocations=6 (full 0):
 PSYoungGen      total 38912K, used 4949K [0x00000000e0000000, 0x00000000e2d00000, 0x0000000100000000)
  eden space 31744K, 0% used [0x00000000e0000000,0x00000000e0000000,0x00000000e1f00000)
  from space 7168K, 69% used [0x00000000e2600000,0x00000000e2ad55a0,0x00000000e2d00000)
  to   space 7168K, 0% used [0x00000000e1f00000,0x00000000e1f00000,0x00000000e2600000)
 ParOldGen       total 42496K, used 8087K [0x00000000a0000000, 0x00000000a2980000, 0x00000000e0000000)
  object space 42496K, 19% used [0x00000000a0000000,0x00000000a07e5e20,0x00000000a2980000)
 Metaspace       used 18646K, capacity 18992K, committed 19328K, reserved 1067008K
  class space    used 2487K, capacity 2620K, committed 2688K, reserved 1048576K
}

